  GameScene.c
C:\Users\minyee2913\Downloads\GameProject_Base(0719) (2)\Sunrin_SDL_Project\GameScene.c(59,16): warning C4133: '초기화 중': 'SDL_Surface *'과(와) 'SDL_Renderer *' 사이의 형식이 호환되지 않습니다.
C:\Users\minyee2913\Downloads\GameProject_Base(0719) (2)\Sunrin_SDL_Project\GameScene.c(130,78): warning C4305: '=': 'double'에서 'float'(으)로 잘립니다.
C:\Users\minyee2913\Downloads\GameProject_Base(0719) (2)\Sunrin_SDL_Project\GameScene.c(136,33): warning C4244: '=': 'int'에서 'float'(으)로 변환하면서 데이터가 손실될 수 있습니다.
C:\Users\minyee2913\Downloads\GameProject_Base(0719) (2)\Sunrin_SDL_Project\GameScene.c(137,33): warning C4244: '=': 'int'에서 'float'(으)로 변환하면서 데이터가 손실될 수 있습니다.
C:\Users\minyee2913\Downloads\GameProject_Base(0719) (2)\Sunrin_SDL_Project\GameScene.c(139,52): warning C4244: '=': 'float'에서 'int'(으)로 변환하면서 데이터가 손실될 수 있습니다.
C:\Users\minyee2913\Downloads\GameProject_Base(0719) (2)\Sunrin_SDL_Project\GameScene.c(140,52): warning C4244: '=': 'float'에서 'int'(으)로 변환하면서 데이터가 손실될 수 있습니다.
C:\Users\minyee2913\Downloads\GameProject_Base(0719) (2)\Sunrin_SDL_Project\GameScene.c(199,19): warning C4133: '함수': 'SDL_Renderer *'과(와) 'SDL_Surface *' 사이의 형식이 호환되지 않습니다.
C:\Users\minyee2913\Downloads\GameProject_Base(0719) (2)\Sunrin_SDL_Project\GameScene.c(199,60): warning C4244: '함수': 'float'에서 'int'(으)로 변환하면서 데이터가 손실될 수 있습니다.
C:\Users\minyee2913\Downloads\GameProject_Base(0719) (2)\Sunrin_SDL_Project\GameScene.c(199,95): warning C4244: '함수': 'float'에서 'int'(으)로 변환하면서 데이터가 손실될 수 있습니다.
C:\Users\minyee2913\Downloads\GameProject_Base(0719) (2)\Sunrin_SDL_Project\GameScene.c(200,19): warning C4133: '함수': 'SDL_Renderer *'과(와) 'SDL_Surface *' 사이의 형식이 호환되지 않습니다.
C:\Users\minyee2913\Downloads\GameProject_Base(0719) (2)\Sunrin_SDL_Project\GameScene.c(200,52): warning C4244: '함수': 'float'에서 'int'(으)로 변환하면서 데이터가 손실될 수 있습니다.
C:\Users\minyee2913\Downloads\GameProject_Base(0719) (2)\Sunrin_SDL_Project\GameScene.c(200,79): warning C4244: '함수': 'float'에서 'int'(으)로 변환하면서 데이터가 손실될 수 있습니다.
C:\Users\minyee2913\Downloads\GameProject_Base(0719) (2)\Sunrin_SDL_Project\GameScene.c(201,19): warning C4133: '함수': 'SDL_Renderer *'과(와) 'SDL_Surface *' 사이의 형식이 호환되지 않습니다.
C:\Users\minyee2913\Downloads\GameProject_Base(0719) (2)\Sunrin_SDL_Project\GameScene.c(201,46): warning C4244: '함수': 'float'에서 'int'(으)로 변환하면서 데이터가 손실될 수 있습니다.
C:\Users\minyee2913\Downloads\GameProject_Base(0719) (2)\Sunrin_SDL_Project\GameScene.c(201,67): warning C4244: '함수': 'float'에서 'int'(으)로 변환하면서 데이터가 손실될 수 있습니다.
C:\Users\minyee2913\Downloads\GameProject_Base(0719) (2)\Sunrin_SDL_Project\GameScene.c(212,20): warning C4133: '함수': 'SDL_Renderer *'과(와) 'SDL_Surface *' 사이의 형식이 호환되지 않습니다.
C:\Users\minyee2913\Downloads\GameProject_Base(0719) (2)\Sunrin_SDL_Project\GameScene.c(212,33): warning C4244: '함수': 'float'에서 'int'(으)로 변환하면서 데이터가 손실될 수 있습니다.
C:\Users\minyee2913\Downloads\GameProject_Base(0719) (2)\Sunrin_SDL_Project\GameScene.c(212,41): warning C4244: '함수': 'float'에서 'int'(으)로 변환하면서 데이터가 손실될 수 있습니다.
C:\Users\minyee2913\Downloads\GameProject_Base(0719) (2)\Sunrin_SDL_Project\GameScene.c(218,55): warning C4244: '함수': 'float'에서 'int'(으)로 변환하면서 데이터가 손실될 수 있습니다.
C:\Users\minyee2913\Downloads\GameProject_Base(0719) (2)\Sunrin_SDL_Project\GameScene.c(218,82): warning C4244: '함수': 'float'에서 'int'(으)로 변환하면서 데이터가 손실될 수 있습니다.
C:\Users\minyee2913\Downloads\GameProject_Base(0719) (2)\Sunrin_SDL_Project\GameScene.c(218,103): warning C4244: '함수': 'float'에서 'int'(으)로 변환하면서 데이터가 손실될 수 있습니다.
C:\Users\minyee2913\Downloads\GameProject_Base(0719) (2)\Sunrin_SDL_Project\GameScene.c(218,124): warning C4244: '함수': 'float'에서 'int'(으)로 변환하면서 데이터가 손실될 수 있습니다.
C:\Users\minyee2913\Downloads\GameProject_Base(0719) (2)\Sunrin_SDL_Project\GameScene.c(221,55): warning C4244: '함수': 'float'에서 'int'(으)로 변환하면서 데이터가 손실될 수 있습니다.
C:\Users\minyee2913\Downloads\GameProject_Base(0719) (2)\Sunrin_SDL_Project\GameScene.c(221,82): warning C4244: '함수': 'float'에서 'int'(으)로 변환하면서 데이터가 손실될 수 있습니다.
C:\Users\minyee2913\Downloads\GameProject_Base(0719) (2)\Sunrin_SDL_Project\GameScene.c(221,117): warning C4244: '함수': 'float'에서 'int'(으)로 변환하면서 데이터가 손실될 수 있습니다.
C:\Users\minyee2913\Downloads\GameProject_Base(0719) (2)\Sunrin_SDL_Project\GameScene.c(221,152): warning C4244: '함수': 'float'에서 'int'(으)로 변환하면서 데이터가 손실될 수 있습니다.
C:\Users\minyee2913\Downloads\GameProject_Base(0719) (2)\Sunrin_SDL_Project\GameScene.c(224,71): warning C4244: '함수': 'float'에서 'int'(으)로 변환하면서 데이터가 손실될 수 있습니다.
C:\Users\minyee2913\Downloads\GameProject_Base(0719) (2)\Sunrin_SDL_Project\GameScene.c(224,114): warning C4244: '함수': 'float'에서 'int'(으)로 변환하면서 데이터가 손실될 수 있습니다.
C:\Users\minyee2913\Downloads\GameProject_Base(0719) (2)\Sunrin_SDL_Project\GameScene.c(224,149): warning C4244: '함수': 'float'에서 'int'(으)로 변환하면서 데이터가 손실될 수 있습니다.
C:\Users\minyee2913\Downloads\GameProject_Base(0719) (2)\Sunrin_SDL_Project\GameScene.c(224,184): warning C4244: '함수': 'float'에서 'int'(으)로 변환하면서 데이터가 손실될 수 있습니다.
C:\Users\minyee2913\Downloads\GameProject_Base(0719) (2)\Sunrin_SDL_Project\GameScene.c(232,98): warning C4244: '함수': 'float'에서 'int'(으)로 변환하면서 데이터가 손실될 수 있습니다.
C:\Users\minyee2913\Downloads\GameProject_Base(0719) (2)\Sunrin_SDL_Project\GameScene.c(232,122): warning C4244: '함수': 'float'에서 'int'(으)로 변환하면서 데이터가 손실될 수 있습니다.
C:\Users\minyee2913\Downloads\GameProject_Base(0719) (2)\Sunrin_SDL_Project\GameScene.c(187,16): warning C4133: '초기화 중': 'SDL_Surface *'과(와) 'SDL_Renderer *' 사이의 형식이 호환되지 않습니다.
  Sunrin_SDL_Project.vcxproj -> C:\Users\minyee2913\Downloads\GameProject_Base(0719) (2)\x64\Debug\Sunrin_SDL_Project.exe
